0 info it worked if it ends with ok
1 verbose cli [ '/home/alex/.nvm/versions/node/v7.7.3/bin/node',
1 verbose cli   '/home/alex/.nvm/versions/node/v7.7.3/bin/npm',
1 verbose cli   'i' ]
2 info using npm@4.1.2
3 info using node@v7.7.3
4 silly loadCurrentTree Starting
5 silly install loadCurrentTree
6 silly install readLocalPackageData
7 silly rollbackFailedOptional Starting
8 silly rollbackFailedOptional Finishing
9 silly runTopLevelLifecycles Finishing
10 silly install printInstalled
11 verbose stack Error: Failed to parse json
11 verbose stack Unexpected token 'r' at 26:6
11 verbose stack     "request":"*"
11 verbose stack      ^
11 verbose stack     at parseError (/home/alex/.nvm/versions/node/v7.7.3/lib/node_modules/npm/node_modules/read-package-json/read-json.js:390:11)
11 verbose stack     at parseJson (/home/alex/.nvm/versions/node/v7.7.3/lib/node_modules/npm/node_modules/read-package-json/read-json.js:79:23)
11 verbose stack     at /home/alex/.nvm/versions/node/v7.7.3/lib/node_modules/npm/node_modules/read-package-json/read-json.js:48:5
11 verbose stack     at /home/alex/.nvm/versions/node/v7.7.3/lib/node_modules/npm/node_modules/graceful-fs/graceful-fs.js:78:16
11 verbose stack     at tryToString (fs.js:448:3)
11 verbose stack     at FSReqWrap.readFileAfterClose [as oncomplete] (fs.js:435:12)
12 verbose cwd /home/alex/work/advertising
13 error Linux 3.19.0-32-generic
14 error argv "/home/alex/.nvm/versions/node/v7.7.3/bin/node" "/home/alex/.nvm/versions/node/v7.7.3/bin/npm" "i"
15 error node v7.7.3
16 error npm  v4.1.2
17 error file /home/alex/work/advertising/package.json
18 error code EJSONPARSE
19 error Failed to parse json
19 error Unexpected token 'r' at 26:6
19 error     "request":"*"
19 error      ^
20 error File: /home/alex/work/advertising/package.json
21 error Failed to parse package.json data.
21 error package.json must be actual JSON, not just JavaScript.
21 error
21 error This is not a bug in npm.
21 error Tell the package author to fix their package.json file. JSON.parse
22 verbose exit [ 1, true ]
